2025-06-14 20:52:16,288 - discord.client - INFO - logging in using static token
2025-06-14 20:52:17,535 - discord.gateway - INFO - Shard ID None has connected to Gateway (Session ID: bfd7edb8cb409fb71ab3aaecdcaaabf6).
2025-06-14 20:52:19,539 - __main__ - INFO - Logged in as ShipTrackerBot#8750
2025-06-14 20:52:19,539 - __main__ - INFO - Tracking ship: Kanakaris (MMSI: 538010457)
2025-06-14 20:52:19,539 - __main__ - INFO - Updates every 48 hours
2025-06-14 20:52:19,539 - __main__ - INFO - Ship tracking loop will run every 48 hours
2025-06-14 20:52:19,539 - __main__ - INFO - Running scheduled ship update
2025-06-14 20:52:19,539 - __main__ - INFO - Fetching ship data...
2025-06-14 20:52:19,539 - __main__ - ERROR - Error fetching ship data: 'ShipTracker' object has no attribute '_fetch_from_aisstream'
2025-06-14 20:52:19,539 - __main__ - INFO - No real data available, generating mock data for testing
2025-06-14 20:52:19,851 - __main__ - INFO - Ship update sent successfully. Next update: 2025-06-16 17:52:19.851215
2025-06-14 20:53:41,107 - __main__ - INFO - Fetching ship data...
2025-06-14 20:53:41,107 - __main__ - ERROR - Error fetching ship data: 'ShipTracker' object has no attribute '_fetch_from_aisstream'
2025-06-14 20:53:41,107 - __main__ - INFO - No real data available, generating mock data for testing
2025-06-14 20:53:41,373 - __main__ - INFO - Ship update sent successfully. Next update: 2025-06-16 17:53:41.373585
2025-06-14 20:53:50,580 - __main__ - INFO - Fetching ship data...
2025-06-14 20:53:50,580 - __main__ - ERROR - Error fetching ship data: 'ShipTracker' object has no attribute '_fetch_from_aisstream'
2025-06-14 20:53:50,580 - __main__ - INFO - No real data available, generating mock data for testing
2025-06-14 20:53:50,925 - __main__ - INFO - Ship update sent successfully. Next update: 2025-06-16 17:53:50.925589
2025-06-14 20:54:21,814 - __main__ - ERROR - Command error: Command raised an exception: AttributeError: 'ShipTracker' object has no attribute 'search_ship_by_name'
2025-06-14 20:54:28,525 - __main__ - ERROR - Error fetching ship data: 'ShipTracker' object has no attribute '_fetch_from_aisstream'
2025-06-14 20:54:40,424 - __main__ - ERROR - Error fetching ship data: 'ShipTracker' object has no attribute '_fetch_from_aisstream'
2025-06-14 20:55:44,803 - __main__ - INFO - Cleaning up resources...
2025-06-14 20:55:51,395 - discord.client - INFO - logging in using static token
2025-06-14 20:55:52,408 - discord.gateway - INFO - Shard ID None has connected to Gateway (Session ID: 0aa477f85bcd0cec22e004c0cfe20f11).
2025-06-14 20:55:54,418 - __main__ - INFO - Logged in as ShipTrackerBot#8750
2025-06-14 20:55:54,418 - __main__ - INFO - Tracking ship: Kanakaris (MMSI: 538010457)
2025-06-14 20:55:54,418 - __main__ - INFO - Updates every 48 hours
2025-06-14 20:55:54,419 - __main__ - INFO - Ship tracking loop will run every 48 hours
2025-06-14 20:55:54,419 - __main__ - INFO - Running scheduled ship update
2025-06-14 20:55:54,419 - __main__ - INFO - Fetching ship data...
2025-06-14 20:55:54,419 - __main__ - ERROR - Error fetching ship data: 'ShipTracker' object has no attribute '_fetch_from_aisstream'
2025-06-14 20:55:54,419 - __main__ - INFO - No real data available, generating mock data for testing
2025-06-14 20:55:54,689 - __main__ - INFO - Ship update sent successfully. Next update: 2025-06-16 17:55:54.689839
2025-06-14 20:56:11,019 - __main__ - INFO - Cleaning up resources...
